app/build/intermediates/manifest_merge_blame_file/debug/manifest-merger-blame-debug-report.txt
1<?xml version="1.0" encoding="utf-8"?>
2<manifest xmlns:android="http://schemas.android.com/apk/res/android"
3    package="com.firstword.app"
4    android:versionCode="1"
5    android:versionName="1.0" >
6
7    <uses-sdk
8        android:minSdkVersion="24"
9        android:targetSdkVersion="34" />
10
11    <uses-feature
11-->src\main\AndroidManifest.xml:5:5-7:36
12        android:name="android.hardware.camera"
12-->src\main\AndroidManifest.xml:6:9-47
13        android:required="false" />
13-->src\main\AndroidManifest.xml:7:9-33
14
15    <uses-permission android:name="android.permission.INTERNET" />
15-->src\main\AndroidManifest.xml:9:5-67
15-->src\main\AndroidManifest.xml:9:22-64
16    <uses-permission android:name="android.permission.ACCESS_NETWORK_STATE" />
16-->src\main\AndroidManifest.xml:10:5-79
16-->src\main\AndroidManifest.xml:10:22-76
17    <uses-permission android:name="android.permission.ACCESS_FINE_LOCATION" />
17-->src\main\AndroidManifest.xml:11:5-79
17-->src\main\AndroidManifest.xml:11:22-76
18    <uses-permission android:name="android.permission.ACCESS_COARSE_LOCATION" />
18-->src\main\AndroidManifest.xml:12:5-81
18-->src\main\AndroidManifest.xml:12:22-78
19    <uses-permission android:name="android.permission.CAMERA" />
19-->src\main\AndroidManifest.xml:13:5-65
19-->src\main\AndroidManifest.xml:13:22-62
20    <uses-permission
20-->src\main\AndroidManifest.xml:14:5-15:38
21        android:name="android.permission.READ_EXTERNAL_STORAGE"
21-->src\main\AndroidManifest.xml:14:22-77
22        android:maxSdkVersion="32" />
22-->src\main\AndroidManifest.xml:15:9-35
23    <uses-permission
23-->src\main\AndroidManifest.xml:16:5-17:38
24        android:name="android.permission.WRITE_EXTERNAL_STORAGE"
24-->src\main\AndroidManifest.xml:16:22-78
25        android:maxSdkVersion="32" />
25-->src\main\AndroidManifest.xml:17:9-35
26    <uses-permission android:name="android.permission.READ_CONTACTS" />
26-->src\main\AndroidManifest.xml:18:5-72
26-->src\main\AndroidManifest.xml:18:22-69
27
28    <uses-feature
28-->[com.google.android.gms:play-services-maps:18.2.0] AndroidManifest.xml:26:5-28:35
29        android:glEsVersion="0x00020000"
29-->[com.google.android.gms:play-services-maps:18.2.0] AndroidManifest.xml:27:9-41
30        android:required="true" />
30-->[com.google.android.gms:play-services-maps:18.2.0] AndroidManifest.xml:28:9-32
31
32    <queries>
32-->[com.google.android.gms:play-services-maps:18.2.0] AndroidManifest.xml:30:5-34:15
33
34        <!-- Needs to be explicitly declared on Android R+ -->
35        <package android:name="com.google.android.apps.maps" />
35-->[com.google.android.gms:play-services-maps:18.2.0] AndroidManifest.xml:33:9-64
35-->[com.google.android.gms:play-services-maps:18.2.0] AndroidManifest.xml:33:18-61
36    </queries>
37
38    <uses-permission android:name="android.permission.POST_NOTIFICATIONS" />
38-->[com.google.firebase:firebase-messaging:23.3.1] AndroidManifest.xml:23:5-77
38-->[com.google.firebase:firebase-messaging:23.3.1] AndroidManifest.xml:23:22-74
39    <uses-permission android:name="android.permission.WAKE_LOCK" /> <!-- Required by older versions of Google Play services to create IID tokens -->
39-->[com.google.firebase:firebase-messaging:23.3.1] AndroidManifest.xml:24:5-68
39-->[com.google.firebase:firebase-messaging:23.3.1] AndroidManifest.xml:24:22-65
40    <uses-permission android:name="com.google.android.c2dm.permission.RECEIVE" />
40-->[com.google.firebase:firebase-messaging:23.3.1] AndroidManifest.xml:26:5-82
40-->[com.google.firebase:firebase-messaging:23.3.1] AndroidManifest.xml:26:22-79
41    <uses-permission android:name="com.google.android.gms.permission.AD_ID" />
41-->[com.google.android.gms:play-services-measurement-api:21.5.0] AndroidManifest.xml:25:5-79
41-->[com.google.android.gms:play-services-measurement-api:21.5.0] AndroidManifest.xml:25:22-76
42    <uses-permission android:name="android.permission.ACCESS_ADSERVICES_ATTRIBUTION" />
42-->[com.google.android.gms:play-services-measurement-api:21.5.0] AndroidManifest.xml:26:5-88
42-->[com.google.android.gms:play-services-measurement-api:21.5.0] AndroidManifest.xml:26:22-85
43    <uses-permission android:name="android.permission.ACCESS_ADSERVICES_AD_ID" />
43-->[com.google.android.gms:play-services-measurement-api:21.5.0] AndroidManifest.xml:27:5-82
43-->[com.google.android.gms:play-services-measurement-api:21.5.0] AndroidManifest.xml:27:22-79
44    <uses-permission android:name="com.google.android.finsky.permission.BIND_GET_INSTALL_REFERRER_SERVICE" />
44-->[com.google.android.gms:play-services-measurement:21.5.0] AndroidManifest.xml:26:5-110
44-->[com.google.android.gms:play-services-measurement:21.5.0] AndroidManifest.xml:26:22-107
45
46    <permission
46-->[androidx.core:core:1.12.0] AndroidManifest.xml:22:5-24:47
47        android:name="com.firstword.app.DYNAMIC_RECEIVER_NOT_EXPORTED_PERMISSION"
47-->[androidx.core:core:1.12.0] AndroidManifest.xml:23:9-81
48        android:protectionLevel="signature" />
48-->[androidx.core:core:1.12.0] AndroidManifest.xml:24:9-44
49
50    <uses-permission android:name="com.firstword.app.DYNAMIC_RECEIVER_NOT_EXPORTED_PERMISSION" />
50-->[androidx.core:core:1.12.0] AndroidManifest.xml:26:5-97
50-->[androidx.core:core:1.12.0] AndroidManifest.xml:26:22-94
51
52    <application
52-->src\main\AndroidManifest.xml:20:5-67:19
53        android:allowBackup="true"
53-->src\main\AndroidManifest.xml:21:9-35
54        android:appComponentFactory="androidx.core.app.CoreComponentFactory"
54-->[androidx.core:core:1.12.0] AndroidManifest.xml:28:18-86
55        android:dataExtractionRules="@xml/data_extraction_rules"
55-->src\main\AndroidManifest.xml:22:9-65
56        android:debuggable="true"
57        android:extractNativeLibs="false"
58        android:fullBackupContent="@xml/backup_rules"
58-->src\main\AndroidManifest.xml:23:9-54
59        android:icon="@mipmap/ic_launcher"
59-->src\main\AndroidManifest.xml:24:9-43
60        android:label="@string/app_name"
60-->src\main\AndroidManifest.xml:25:9-41
61        android:roundIcon="@mipmap/ic_launcher_round"
61-->src\main\AndroidManifest.xml:26:9-54
62        android:supportsRtl="true"
62-->src\main\AndroidManifest.xml:27:9-35
63        android:testOnly="true"
64        android:theme="@style/Theme.FirstWord" >
64-->src\main\AndroidManifest.xml:28:9-47
65        <activity
65-->src\main\AndroidManifest.xml:31:9-39:20
66            android:name="com.firstword.app.MainActivity"
66-->src\main\AndroidManifest.xml:32:13-41
67            android:exported="true"
67-->src\main\AndroidManifest.xml:33:13-36
68            android:theme="@style/Theme.FirstWord" >
68-->src\main\AndroidManifest.xml:34:13-51
69            <intent-filter>
69-->src\main\AndroidManifest.xml:35:13-38:29
70                <action android:name="android.intent.action.MAIN" />
70-->src\main\AndroidManifest.xml:36:17-69
70-->src\main\AndroidManifest.xml:36:25-66
71
72                <category android:name="android.intent.category.LAUNCHER" />
72-->src\main\AndroidManifest.xml:37:17-77
72-->src\main\AndroidManifest.xml:37:27-74
73            </intent-filter>
74        </activity>
75        <activity
75-->src\main\AndroidManifest.xml:40:9-42:81
76            android:name="com.firstword.app.ui.profile.EditProfileActivity"
76-->src\main\AndroidManifest.xml:41:13-59
77            android:theme="@style/Theme.MaterialComponents.Light.NoActionBar" />
77-->src\main\AndroidManifest.xml:42:13-78
78        <activity
78-->src\main\AndroidManifest.xml:44:9-46:81
79            android:name="com.firstword.app.ui.profile.FollowersFollowingActivity"
79-->src\main\AndroidManifest.xml:45:13-66
80            android:theme="@style/Theme.MaterialComponents.Light.NoActionBar" />
80-->src\main\AndroidManifest.xml:46:13-78
81        <activity
81-->src\main\AndroidManifest.xml:48:9-51:54
82            android:name="com.firstword.app.ui.auth.AuthActivity"
82-->src\main\AndroidManifest.xml:49:13-49
83            android:exported="true"
83-->src\main\AndroidManifest.xml:50:13-36
84            android:theme="@style/Theme.FirstWord" />
84-->src\main\AndroidManifest.xml:51:13-51
85
86        <meta-data
86-->src\main\AndroidManifest.xml:54:9-56:96
87            android:name="com.google.android.geo.API_KEY"
87-->src\main\AndroidManifest.xml:55:13-58
88            android:value="c6a113b47b3c6aed699535eb4dde94950a1e1b0cd0d46803326fab2c209c5f05" />
88-->src\main\AndroidManifest.xml:56:13-93
89
90        <provider
91            android:name="androidx.core.content.FileProvider"
91-->src\main\AndroidManifest.xml:59:13-62
92            android:authorities="com.firstword.app.provider"
92-->src\main\AndroidManifest.xml:60:13-60
93            android:exported="false"
93-->src\main\AndroidManifest.xml:61:13-37
94            android:grantUriPermissions="true" >
94-->src\main\AndroidManifest.xml:62:13-47
95            <meta-data
95-->src\main\AndroidManifest.xml:63:13-65:54
96                android:name="android.support.FILE_PROVIDER_PATHS"
96-->src\main\AndroidManifest.xml:64:17-67
97                android:resource="@xml/file_paths" />
97-->src\main\AndroidManifest.xml:65:17-51
98        </provider>
99
100        <service
100-->[com.google.firebase:firebase-storage-ktx:20.3.0] AndroidManifest.xml:9:9-15:19
101            android:name="com.google.firebase.components.ComponentDiscoveryService"
101-->[com.google.firebase:firebase-storage-ktx:20.3.0] AndroidManifest.xml:10:13-84
102            android:directBootAware="true"
102-->[com.google.firebase:firebase-common:20.4.2] AndroidManifest.xml:32:13-43
103            android:exported="false" >
103-->[com.google.firebase:firebase-storage-ktx:20.3.0] AndroidManifest.xml:11:13-37
104            <meta-data
104-->[com.google.firebase:firebase-storage-ktx:20.3.0] AndroidManifest.xml:12:13-14:85
105                android:name="com.google.firebase.components:com.google.firebase.storage.ktx.FirebaseStorageLegacyRegistrar"
105-->[com.google.firebase:firebase-storage-ktx:20.3.0] AndroidManifest.xml:13:17-125
106                android:value="com.google.firebase.components.ComponentRegistrar" />
106-->[com.google.firebase:firebase-storage-ktx:20.3.0] AndroidManifest.xml:14:17-82
107            <meta-data
107-->[com.google.firebase:firebase-firestore-ktx:24.9.1] AndroidManifest.xml:12:13-14:85
108                android:name="com.google.firebase.components:com.google.firebase.firestore.ktx.FirebaseFirestoreLegacyRegistrar"
108-->[com.google.firebase:firebase-firestore-ktx:24.9.1] AndroidManifest.xml:13:17-129
109                android:value="com.google.firebase.components.ComponentRegistrar" />
109-->[com.google.firebase:firebase-firestore-ktx:24.9.1] AndroidManifest.xml:14:17-82
110            <meta-data
110-->[com.google.firebase:firebase-messaging-ktx:23.3.1] AndroidManifest.xml:26:13-28:85
111                android:name="com.google.firebase.components:com.google.firebase.messaging.ktx.FirebaseMessagingLegacyRegistrar"
111-->[com.google.firebase:firebase-messaging-ktx:23.3.1] AndroidManifest.xml:27:17-129
112                android:value="com.google.firebase.components.ComponentRegistrar" />
112-->[com.google.firebase:firebase-messaging-ktx:23.3.1] AndroidManifest.xml:28:17-82
113            <meta-data
113-->[com.google.firebase:firebase-auth-ktx:22.3.0] AndroidManifest.xml:11:13-13:85
114                android:name="com.google.firebase.components:com.google.firebase.auth.ktx.FirebaseAuthLegacyRegistrar"
114-->[com.google.firebase:firebase-auth-ktx:22.3.0] AndroidManifest.xml:12:17-119
115                android:value="com.google.firebase.components.ComponentRegistrar" />
115-->[com.google.firebase:firebase-auth-ktx:22.3.0] AndroidManifest.xml:13:17-82
116            <meta-data
116-->[com.google.firebase:firebase-auth:22.3.0] AndroidManifest.xml:69:13-71:85
117                android:name="com.google.firebase.components:com.google.firebase.auth.FirebaseAuthRegistrar"
117-->[com.google.firebase:firebase-auth:22.3.0] AndroidManifest.xml:70:17-109
118                android:value="com.google.firebase.components.ComponentRegistrar" />
118-->[com.google.firebase:firebase-auth:22.3.0] AndroidManifest.xml:71:17-82
119            <meta-data
119-->[com.google.firebase:firebase-storage:20.3.0] AndroidManifest.xml:30:13-32:85
120                android:name="com.google.firebase.components:com.google.firebase.storage.FirebaseStorageKtxRegistrar"
120-->[com.google.firebase:firebase-storage:20.3.0] AndroidManifest.xml:31:17-118
121                android:value="com.google.firebase.components.ComponentRegistrar" />
121-->[com.google.firebase:firebase-storage:20.3.0] AndroidManifest.xml:32:17-82
122            <meta-data
122-->[com.google.firebase:firebase-storage:20.3.0] AndroidManifest.xml:33:13-35:85
123                android:name="com.google.firebase.components:com.google.firebase.storage.StorageRegistrar"
123-->[com.google.firebase:firebase-storage:20.3.0] AndroidManifest.xml:34:17-107
124                android:value="com.google.firebase.components.ComponentRegistrar" />
124-->[com.google.firebase:firebase-storage:20.3.0] AndroidManifest.xml:35:17-82
125            <meta-data
125-->[com.google.firebase:firebase-firestore:24.9.1] AndroidManifest.xml:17:13-19:85
126                android:name="com.google.firebase.components:com.google.firebase.firestore.FirebaseFirestoreKtxRegistrar"
126-->[com.google.firebase:firebase-firestore:24.9.1] AndroidManifest.xml:18:17-122
127                android:value="com.google.firebase.components.ComponentRegistrar" />
127-->[com.google.firebase:firebase-firestore:24.9.1] AndroidManifest.xml:19:17-82
128            <meta-data
128-->[com.google.firebase:firebase-firestore:24.9.1] AndroidManifest.xml:20:13-22:85
129                android:name="com.google.firebase.components:com.google.firebase.firestore.FirestoreRegistrar"
129-->[com.google.firebase:firebase-firestore:24.9.1] AndroidManifest.xml:21:17-111
130                android:value="com.google.firebase.components.ComponentRegistrar" />
130-->[com.google.firebase:firebase-firestore:24.9.1] AndroidManifest.xml:22:17-82
131            <meta-data
131-->[com.google.firebase:firebase-messaging:23.3.1] AndroidManifest.xml:57:13-59:85
132                android:name="com.google.firebase.components:com.google.firebase.messaging.FirebaseMessagingKtxRegistrar"
132-->[com.google.firebase:firebase-messaging:23.3.1] AndroidManifest.xml:58:17-122
133                android:value="com.google.firebase.components.ComponentRegistrar" />
133-->[com.google.firebase:firebase-messaging:23.3.1] AndroidManifest.xml:59:17-82
134            <meta-data
134-->[com.google.firebase:firebase-messaging:23.3.1] AndroidManifest.xml:60:13-62:85
135                android:name="com.google.firebase.components:com.google.firebase.messaging.FirebaseMessagingRegistrar"
135-->[com.google.firebase:firebase-messaging:23.3.1] AndroidManifest.xml:61:17-119
136                android:value="com.google.firebase.components.ComponentRegistrar" />
136-->[com.google.firebase:firebase-messaging:23.3.1] AndroidManifest.xml:62:17-82
137            <meta-data
137-->[com.google.firebase:firebase-appcheck:17.1.1] AndroidManifest.xml:25:13-27:85
138                android:name="com.google.firebase.components:com.google.firebase.appcheck.FirebaseAppCheckKtxRegistrar"
138-->[com.google.firebase:firebase-appcheck:17.1.1] AndroidManifest.xml:26:17-120
139                android:value="com.google.firebase.components.ComponentRegistrar" />
139-->[com.google.firebase:firebase-appcheck:17.1.1] AndroidManifest.xml:27:17-82
140            <meta-data
140-->[com.google.firebase:firebase-appcheck:17.1.1] AndroidManifest.xml:28:13-30:85
141                android:name="com.google.firebase.components:com.google.firebase.appcheck.FirebaseAppCheckRegistrar"
141-->[com.google.firebase:firebase-appcheck:17.1.1] AndroidManifest.xml:29:17-117
142                android:value="com.google.firebase.components.ComponentRegistrar" />
142-->[com.google.firebase:firebase-appcheck:17.1.1] AndroidManifest.xml:30:17-82
143            <meta-data
143-->[com.google.firebase:firebase-analytics-ktx:21.5.0] AndroidManifest.xml:11:13-13:85
144                android:name="com.google.firebase.components:com.google.firebase.analytics.ktx.FirebaseAnalyticsLegacyRegistrar"
144-->[com.google.firebase:firebase-analytics-ktx:21.5.0] AndroidManifest.xml:12:17-129
145                android:value="com.google.firebase.components.ComponentRegistrar" />
145-->[com.google.firebase:firebase-analytics-ktx:21.5.0] AndroidManifest.xml:13:17-82
146            <meta-data
146-->[com.google.android.gms:play-services-measurement-api:21.5.0] AndroidManifest.xml:37:13-39:85
147                android:name="com.google.firebase.components:com.google.firebase.analytics.connector.internal.AnalyticsConnectorRegistrar"
147-->[com.google.android.gms:play-services-measurement-api:21.5.0] AndroidManifest.xml:38:17-139
148                android:value="com.google.firebase.components.ComponentRegistrar" />
148-->[com.google.android.gms:play-services-measurement-api:21.5.0] AndroidManifest.xml:39:17-82
149            <meta-data
149-->[com.google.firebase:firebase-installations:17.2.0] AndroidManifest.xml:15:13-17:85
150                android:name="com.google.firebase.components:com.google.firebase.installations.FirebaseInstallationsKtxRegistrar"
150-->[com.google.firebase:firebase-installations:17.2.0] AndroidManifest.xml:16:17-130
151                android:value="com.google.firebase.components.ComponentRegistrar" />
151-->[com.google.firebase:firebase-installations:17.2.0] AndroidManifest.xml:17:17-82
152            <meta-data
152-->[com.google.firebase:firebase-installations:17.2.0] AndroidManifest.xml:18:13-20:85
153                android:name="com.google.firebase.components:com.google.firebase.installations.FirebaseInstallationsRegistrar"
153-->[com.google.firebase:firebase-installations:17.2.0] AndroidManifest.xml:19:17-127
154                android:value="com.google.firebase.components.ComponentRegistrar" />
154-->[com.google.firebase:firebase-installations:17.2.0] AndroidManifest.xml:20:17-82
155            <meta-data
155-->[com.google.firebase:firebase-common-ktx:20.4.2] AndroidManifest.xml:12:13-14:85
156                android:name="com.google.firebase.components:com.google.firebase.ktx.FirebaseCommonLegacyRegistrar"
156-->[com.google.firebase:firebase-common-ktx:20.4.2] AndroidManifest.xml:13:17-116
157                android:value="com.google.firebase.components.ComponentRegistrar" />
157-->[com.google.firebase:firebase-common-ktx:20.4.2] AndroidManifest.xml:14:17-82
158            <meta-data
158-->[com.google.firebase:firebase-common:20.4.2] AndroidManifest.xml:35:13-37:85
159                android:name="com.google.firebase.components:com.google.firebase.FirebaseCommonKtxRegistrar"
159-->[com.google.firebase:firebase-common:20.4.2] AndroidManifest.xml:36:17-109
160                android:value="com.google.firebase.components.ComponentRegistrar" />
160-->[com.google.firebase:firebase-common:20.4.2] AndroidManifest.xml:37:17-82
161            <meta-data
161-->[com.google.firebase:firebase-datatransport:18.1.7] AndroidManifest.xml:27:13-29:85
162                android:name="com.google.firebase.components:com.google.firebase.datatransport.TransportRegistrar"
162-->[com.google.firebase:firebase-datatransport:18.1.7] AndroidManifest.xml:28:17-115
163                android:value="com.google.firebase.components.ComponentRegistrar" />
163-->[com.google.firebase:firebase-datatransport:18.1.7] AndroidManifest.xml:29:17-82
164        </service>
165
166        <provider
166-->[androidx.emoji2:emoji2:1.2.0] AndroidManifest.xml:24:9-32:20
167            android:name="androidx.startup.InitializationProvider"
167-->[androidx.emoji2:emoji2:1.2.0] AndroidManifest.xml:25:13-67
168            android:authorities="com.firstword.app.androidx-startup"
168-->[androidx.emoji2:emoji2:1.2.0] AndroidManifest.xml:26:13-68
169            android:exported="false" >
169-->[androidx.emoji2:emoji2:1.2.0] AndroidManifest.xml:27:13-37
170            <meta-data
170-->[androidx.emoji2:emoji2:1.2.0] AndroidManifest.xml:29:13-31:52
171                android:name="androidx.emoji2.text.EmojiCompatInitializer"
171-->[androidx.emoji2:emoji2:1.2.0] AndroidManifest.xml:30:17-75
172                android:value="androidx.startup" />
172-->[androidx.emoji2:emoji2:1.2.0] AndroidManifest.xml:31:17-49
173            <meta-data
173-->[androidx.lifecycle:lifecycle-process:2.7.0] AndroidManifest.xml:29:13-31:52
174                android:name="androidx.lifecycle.ProcessLifecycleInitializer"
174-->[androidx.lifecycle:lifecycle-process:2.7.0] AndroidManifest.xml:30:17-78
175                android:value="androidx.startup" />
175-->[androidx.lifecycle:lifecycle-process:2.7.0] AndroidManifest.xml:31:17-49
176            <meta-data
176-->[androidx.profileinstaller:profileinstaller:1.3.0] AndroidManifest.xml:29:13-31:52
177                android:name="androidx.profileinstaller.ProfileInstallerInitializer"
177-->[androidx.profileinstaller:profileinstaller:1.3.0] AndroidManifest.xml:30:17-85
178                android:value="androidx.startup" />
178-->[androidx.profileinstaller:profileinstaller:1.3.0] AndroidManifest.xml:31:17-49
179        </provider> <!-- Needs to be explicitly declared on P+ -->
180        <uses-library
180-->[com.google.android.gms:play-services-maps:18.2.0] AndroidManifest.xml:39:9-41:40
181            android:name="org.apache.http.legacy"
181-->[com.google.android.gms:play-services-maps:18.2.0] AndroidManifest.xml:40:13-50
182            android:required="false" />
182-->[com.google.android.gms:play-services-maps:18.2.0] AndroidManifest.xml:41:13-37
183
184        <activity
184-->[com.google.android.gms:play-services-auth:20.7.0] AndroidManifest.xml:23:9-27:75
185            android:name="com.google.android.gms.auth.api.signin.internal.SignInHubActivity"
185-->[com.google.android.gms:play-services-auth:20.7.0] AndroidManifest.xml:24:13-93
186            android:excludeFromRecents="true"
186-->[com.google.android.gms:play-services-auth:20.7.0] AndroidManifest.xml:25:13-46
187            android:exported="false"
187-->[com.google.android.gms:play-services-auth:20.7.0] AndroidManifest.xml:26:13-37
188            android:theme="@android:style/Theme.Translucent.NoTitleBar" />
188-->[com.google.android.gms:play-services-auth:20.7.0] AndroidManifest.xml:27:13-72
189        <!--
190            Service handling Google Sign-In user revocation. For apps that do not integrate with
191            Google Sign-In, this service will never be started.
192        -->
193        <service
193-->[com.google.android.gms:play-services-auth:20.7.0] AndroidManifest.xml:33:9-37:51
194            android:name="com.google.android.gms.auth.api.signin.RevocationBoundService"
194-->[com.google.android.gms:play-services-auth:20.7.0] AndroidManifest.xml:34:13-89
195            android:exported="true"
195-->[com.google.android.gms:play-services-auth:20.7.0] AndroidManifest.xml:35:13-36
196            android:permission="com.google.android.gms.auth.api.signin.permission.REVOCATION_NOTIFICATION"
196-->[com.google.android.gms:play-services-auth:20.7.0] AndroidManifest.xml:36:13-107
197            android:visibleToInstantApps="true" />
197-->[com.google.android.gms:play-services-auth:20.7.0] AndroidManifest.xml:37:13-48
198
199        <activity
199-->[com.google.firebase:firebase-auth:22.3.0] AndroidManifest.xml:29:9-46:20
200            android:name="com.google.firebase.auth.internal.GenericIdpActivity"
200-->[com.google.firebase:firebase-auth:22.3.0] AndroidManifest.xml:30:13-80
201            android:excludeFromRecents="true"
201-->[com.google.firebase:firebase-auth:22.3.0] AndroidManifest.xml:31:13-46
202            android:exported="true"
202-->[com.google.firebase:firebase-auth:22.3.0] AndroidManifest.xml:32:13-36
203            android:launchMode="singleTask"
203-->[com.google.firebase:firebase-auth:22.3.0] AndroidManifest.xml:33:13-44
204            android:theme="@android:style/Theme.Translucent.NoTitleBar" >
204-->[com.google.firebase:firebase-auth:22.3.0] AndroidManifest.xml:34:13-72
205            <intent-filter>
205-->[com.google.firebase:firebase-auth:22.3.0] AndroidManifest.xml:35:13-45:29
206                <action android:name="android.intent.action.VIEW" />
206-->[com.google.firebase:firebase-auth:22.3.0] AndroidManifest.xml:36:17-69
206-->[com.google.firebase:firebase-auth:22.3.0] AndroidManifest.xml:36:25-66
207
208                <category android:name="android.intent.category.DEFAULT" />
208-->[com.google.firebase:firebase-auth:22.3.0] AndroidManifest.xml:38:17-76
208-->[com.google.firebase:firebase-auth:22.3.0] AndroidManifest.xml:38:27-73
209                <category android:name="android.intent.category.BROWSABLE" />
209-->[com.google.firebase:firebase-auth:22.3.0] AndroidManifest.xml:39:17-78
209-->[com.google.firebase:firebase-auth:22.3.0] AndroidManifest.xml:39:27-75
210
211                <data
211-->[com.google.firebase:firebase-auth:22.3.0] AndroidManifest.xml:41:17-44:51
212                    android:host="firebase.auth"
212-->[com.google.firebase:firebase-auth:22.3.0] AndroidManifest.xml:42:21-49
213                    android:path="/"
213-->[com.google.firebase:firebase-auth:22.3.0] AndroidManifest.xml:43:21-37
214                    android:scheme="genericidp" />
214-->[com.google.firebase:firebase-auth:22.3.0] AndroidManifest.xml:44:21-48
215            </intent-filter>
216        </activity>
217        <activity
217-->[com.google.firebase:firebase-auth:22.3.0] AndroidManifest.xml:47:9-64:20
218            android:name="com.google.firebase.auth.internal.RecaptchaActivity"
218-->[com.google.firebase:firebase-auth:22.3.0] AndroidManifest.xml:48:13-79
219            android:excludeFromRecents="true"
219-->[com.google.firebase:firebase-auth:22.3.0] AndroidManifest.xml:49:13-46
220            android:exported="true"
220-->[com.google.firebase:firebase-auth:22.3.0] AndroidManifest.xml:50:13-36
221            android:launchMode="singleTask"
221-->[com.google.firebase:firebase-auth:22.3.0] AndroidManifest.xml:51:13-44
222            android:theme="@android:style/Theme.Translucent.NoTitleBar" >
222-->[com.google.firebase:firebase-auth:22.3.0] AndroidManifest.xml:52:13-72
223            <intent-filter>
223-->[com.google.firebase:firebase-auth:22.3.0] AndroidManifest.xml:53:13-63:29
224                <action android:name="android.intent.action.VIEW" />
224-->[com.google.firebase:firebase-auth:22.3.0] AndroidManifest.xml:36:17-69
224-->[com.google.firebase:firebase-auth:22.3.0] AndroidManifest.xml:36:25-66
225
226                <category android:name="android.intent.category.DEFAULT" />
226-->[com.google.firebase:firebase-auth:22.3.0] AndroidManifest.xml:38:17-76
226-->[com.google.firebase:firebase-auth:22.3.0] AndroidManifest.xml:38:27-73
227                <category android:name="android.intent.category.BROWSABLE" />
227-->[com.google.firebase:firebase-auth:22.3.0] AndroidManifest.xml:39:17-78
227-->[com.google.firebase:firebase-auth:22.3.0] AndroidManifest.xml:39:27-75
228
229                <data
229-->[com.google.firebase:firebase-auth:22.3.0] AndroidManifest.xml:41:17-44:51
230                    android:host="firebase.auth"
230-->[com.google.firebase:firebase-auth:22.3.0] AndroidManifest.xml:42:21-49
231                    android:path="/"
231-->[com.google.firebase:firebase-auth:22.3.0] AndroidManifest.xml:43:21-37
232                    android:scheme="recaptcha" />
232-->[com.google.firebase:firebase-auth:22.3.0] AndroidManifest.xml:44:21-48
233            </intent-filter>
234        </activity>
235
236        <receiver
236-->[com.google.firebase:firebase-messaging:23.3.1] AndroidManifest.xml:29:9-40:20
237            android:name="com.google.firebase.iid.FirebaseInstanceIdReceiver"
237-->[com.google.firebase:firebase-messaging:23.3.1] AndroidManifest.xml:30:13-78
238            android:exported="true"
238-->[com.google.firebase:firebase-messaging:23.3.1] AndroidManifest.xml:31:13-36
239            android:permission="com.google.android.c2dm.permission.SEND" >
239-->[com.google.firebase:firebase-messaging:23.3.1] AndroidManifest.xml:32:13-73
240            <intent-filter>
240-->[com.google.firebase:firebase-messaging:23.3.1] AndroidManifest.xml:33:13-35:29
241                <action android:name="com.google.android.c2dm.intent.RECEIVE" />
241-->[com.google.firebase:firebase-messaging:23.3.1] AndroidManifest.xml:34:17-81
241-->[com.google.firebase:firebase-messaging:23.3.1] AndroidManifest.xml:34:25-78
242            </intent-filter>
243
244            <meta-data
244-->[com.google.firebase:firebase-messaging:23.3.1] AndroidManifest.xml:37:13-39:40
245                android:name="com.google.android.gms.cloudmessaging.FINISHED_AFTER_HANDLED"
245-->[com.google.firebase:firebase-messaging:23.3.1] AndroidManifest.xml:38:17-92
246                android:value="true" />
246-->[com.google.firebase:firebase-messaging:23.3.1] AndroidManifest.xml:39:17-37
247        </receiver>
248        <!--
249             FirebaseMessagingService performs security checks at runtime,
250             but set to not exported to explicitly avoid allowing another app to call it.
251        -->
252        <service
252-->[com.google.firebase:firebase-messaging:23.3.1] AndroidManifest.xml:46:9-53:19
253            android:name="com.google.firebase.messaging.FirebaseMessagingService"
253-->[com.google.firebase:firebase-messaging:23.3.1] AndroidManifest.xml:47:13-82
254            android:directBootAware="true"
254-->[com.google.firebase:firebase-messaging:23.3.1] AndroidManifest.xml:48:13-43
255            android:exported="false" >
255-->[com.google.firebase:firebase-messaging:23.3.1] AndroidManifest.xml:49:13-37
256            <intent-filter android:priority="-500" >
256-->[com.google.firebase:firebase-messaging:23.3.1] AndroidManifest.xml:50:13-52:29